{"numTotalTestSuites":922,"numPassedTestSuites":922,"numFailedTestSuites":0,"numPendingTestSuites":0,"numTotalTests":1824,"numPassedTests":1824,"numFailedTests":0,"numPendingTests":0,"numTodoTests":0,"startTime":1776905258943,"success":true,"testResults":[{"assertionResults":[{"ancestorTitles":["","Auto-seed admission flow"],"fullName":" Auto-seed admission flow should detect compound goals and reject them","status":"passed","title":"should detect compound goals and reject them","duration":95,"failureMessages":[]},{"ancestorTitles":["","Auto-seed admission flow"],"fullName":" Auto-seed admission flow should auto-seed deliverables after admission (with minimal valid contract)","status":"passed","title":"should auto-seed deliverables after admission (with minimal valid contract)","duration":87,"failureMessages":[]},{"ancestorTitles":["","Auto-seed admission flow"],"fullName":" Auto-seed admission flow should trigger plan generation after admission (when validation passes)","status":"passed","title":"should trigger plan generation after admission (when validation passes)","duration":80,"failureMessages":[]}],"startTime":1776907105692,"endTime":1776907105955,"status":"passed","message":"","name":"/Users/jamesdotson/vscode/JERICHO/JERICHO/src/domain/autoSeed.admission.test.ts"},{"assertionResults":[{"ancestorTitles":["","'podcast / media' output quality"],"fullName":" 'podcast / media' output quality produces concrete deliverables instead of a generic scaffold","status":"passed","title":"produces concrete deliverables instead of a generic scaffold","duration":163,"failureMessages":[]},{"ancestorTitles":["","'podcast / media' output quality"],"fullName":" 'podcast / media' output quality keeps scheduled block titles aligned with concrete deliverables","status":"passed","title":"keeps scheduled block titles aligned with concrete deliverables","duration":2481,"failureMessages":[]},{"ancestorTitles":["","'podcast / media' output quality"],"fullName":" 'podcast / media' output quality changes the first output when the starting state changes","status":"passed","title":"changes the first output when the starting state changes","duration":448,"failureMessages":[]},{"ancestorTitles":["","'software / product build' output quality"],"fullName":" 'software / product build' output quality produces concrete deliverables instead of a generic scaffold","status":"passed","title":"produces concrete deliverables instead of a generic scaffold","duration":230,"failureMessages":[]},{"ancestorTitles":["","'software / product build' output quality"],"fullName":" 'software / product build' output quality keeps scheduled block titles aligned with concrete deliverables","status":"passed","title":"keeps scheduled block titles aligned with concrete deliverables","duration":344,"failureMessages":[]},{"ancestorTitles":["","'software / product build' output quality"],"fullName":" 'software / product build' output quality changes the first output when the starting state changes","status":"passed","title":"changes the first output when the starting state changes","duration":406,"failureMessages":[]},{"ancestorTitles":["","'fitness / training' output quality"],"fullName":" 'fitness / training' output quality produces concrete deliverables instead of a generic scaffold","status":"passed","title":"produces concrete deliverables instead of a generic scaffold","duration":237,"failureMessages":[]},{"ancestorTitles":["","'fitness / training' output quality"],"fullName":" 'fitness / training' output quality keeps scheduled block titles aligned with concrete deliverables","status":"passed","title":"keeps scheduled block titles aligned with concrete deliverables","duration":370,"failureMessages":[]},{"ancestorTitles":["","'fitness / training' output quality"],"fullName":" 'fitness / training' output quality changes the first output when the starting state changes","status":"passed","title":"changes the first output when the starting state changes","duration":462,"failureMessages":[]},{"ancestorTitles":["","'business launch' output quality"],"fullName":" 'business launch' output quality produces concrete deliverables instead of a generic scaffold","status":"passed","title":"produces concrete deliverables instead of a generic scaffold","duration":250,"failureMessages":[]},{"ancestorTitles":["","'business launch' output quality"],"fullName":" 'business launch' output quality keeps scheduled block titles aligned with concrete deliverables","status":"passed","title":"keeps scheduled block titles aligned with concrete deliverables","duration":434,"failureMessages":[]},{"ancestorTitles":["","'business launch' output quality"],"fullName":" 'business launch' output quality changes the first output when the starting state changes","status":"passed","title":"changes the first output when the starting state changes","duration":415,"failureMessages":[]},{"ancestorTitles":["","'brand launch' output quality"],"fullName":" 'brand launch' output quality produces concrete deliverables instead of a generic scaffold","status":"passed","title":"produces concrete deliverables instead of a generic scaffold","duration":230,"failureMessages":[]},{"ancestorTitles":["","'brand launch' output quality"],"fullName":" 'brand launch' output quality keeps scheduled block titles aligned with concrete deliverables","status":"passed","title":"keeps scheduled block titles aligned with concrete deliverables","duration":406,"failureMessages":[]},{"ancestorTitles":["","'brand launch' output quality"],"fullName":" 'brand launch' output quality changes the first output when the starting state changes","status":"passed","title":"changes the first output when the starting state changes","duration":385,"failureMessages":[]},{"ancestorTitles":["","'real estate / project' output quality"],"fullName":" 'real estate / project' output quality produces concrete deliverables instead of a generic scaffold","status":"passed","title":"produces concrete deliverables instead of a generic scaffold","duration":179,"failureMessages":[]},{"ancestorTitles":["","'real estate / project' output quality"],"fullName":" 'real estate / project' output quality keeps scheduled block titles aligned with concrete deliverables","status":"passed","title":"keeps scheduled block titles aligned with concrete deliverables","duration":344,"failureMessages":[]},{"ancestorTitles":["","'real estate / project' output quality"],"fullName":" 'real estate / project' output quality changes the first output when the starting state changes","status":"passed","title":"changes the first output when the starting state changes","duration":363,"failureMessages":[]}],"startTime":1776907081978,"endTime":1776907090134,"status":"passed","message":"","name":"/Users/jamesdotson/vscode/JERICHO/JERICHO/src/domain/autoStrategy.outputQuality.crossDomain.test.ts"},{"assertionResults":[{"ancestorTitles":["","autoStrategy","buildAutoDeliverablesFromGoalContract"],"fullName":" autoStrategy buildAutoDeliverablesFromGoalContract returns at least 3 deliverables for a valid goal","status":"passed","title":"returns at least 3 deliverables for a valid goal","duration":212,"failureMessages":[]},{"ancestorTitles":["","autoStrategy","buildAutoDeliverablesFromGoalContract"],"fullName":" autoStrategy buildAutoDeliverablesFromGoalContract detects music release goals and generates music-specific deliverables","status":"passed","title":"detects music release goals and generates music-specific deliverables","duration":44,"failureMessages":[]},{"ancestorTitles":["","autoStrategy","buildAutoDeliverablesFromGoalContract"],"fullName":" autoStrategy buildAutoDeliverablesFromGoalContract uses creative-production builder deliverables for non-podcast video goals","status":"passed","title":"uses creative-production builder deliverables for non-podcast video goals","duration":65,"failureMessages":[]},{"ancestorTitles":["","autoStrategy","buildAutoDeliverablesFromGoalContract"],"fullName":" autoStrategy buildAutoDeliverablesFromGoalContract detects TV writing goals and generates TV-writing deliverables","status":"passed","title":"detects TV writing goals and generates TV-writing deliverables","duration":94,"failureMessages":[]},{"ancestorTitles":["","autoStrategy","buildAutoDeliverablesFromGoalContract"],"fullName":" autoStrategy buildAutoDeliverablesFromGoalContract expands explicit episode references from verification criteria into concrete episode deliverables","status":"passed","title":"expands explicit episode references from verification criteria into concrete episode deliverables","duration":124,"failureMessages":[]},{"ancestorTitles":["","autoStrategy","buildAutoDeliverablesFromGoalContract"],"fullName":" autoStrategy buildAutoDeliverablesFromGoalContract expands podcast episode counts into explicit film/edit/publish deliverables","status":"passed","title":"expands podcast episode counts into explicit film/edit/publish deliverables","duration":221,"failureMessages":[]},{"ancestorTitles":["","autoStrategy","buildAutoDeliverablesFromGoalContract"],"fullName":" autoStrategy buildAutoDeliverablesFromGoalContract preserves the podcast object in fallback episodic-production deliverables","status":"passed","title":"preserves the podcast object in fallback episodic-production deliverables","duration":205,"failureMessages":[]},{"ancestorTitles":["","autoStrategy","buildAutoDeliverablesFromGoalContract"],"fullName":" autoStrategy buildAutoDeliverablesFromGoalContract generates object-bearing skill acquisition deliverables instead of generic practice grammar","status":"passed","title":"generates object-bearing skill acquisition deliverables instead of generic practice grammar","duration":73,"failureMessages":[]},{"ancestorTitles":["","autoStrategy","buildAutoDeliverablesFromGoalContract"],"fullName":" autoStrategy buildAutoDeliverablesFromGoalContract generates physical progression deliverables with baseline, progression, recovery, and benchmark grammar","status":"passed","title":"generates physical progression deliverables with baseline, progression, recovery, and benchmark grammar","duration":48,"failureMessages":[]},{"ancestorTitles":["","autoStrategy","buildAutoDeliverablesFromGoalContract"],"fullName":" autoStrategy buildAutoDeliverablesFromGoalContract generates body-composition deliverables with explicit exercise and adherence grammar","status":"passed","title":"generates body-composition deliverables with explicit exercise and adherence grammar","duration":45,"failureMessages":[]},{"ancestorTitles":["","autoStrategy","buildAutoDeliverablesFromGoalContract"],"fullName":" autoStrategy buildAutoDeliverablesFromGoalContract generates professional qualification deliverables with requirements, assessment, proof, and credential grammar","status":"passed","title":"generates professional qualification deliverables with requirements, assessment, proof, and credential grammar","duration":89,"failureMessages":[]},{"ancestorTitles":["","autoStrategy","buildAutoDeliverablesFromGoalContract"],"fullName":" autoStrategy buildAutoDeliverablesFromGoalContract generates VentureLaunch service deliverables with offer, pricing, process, outreach, and close grammar","status":"passed","title":"generates VentureLaunch service deliverables with offer, pricing, process, outreach, and close grammar","duration":55,"failureMessages":[]},{"ancestorTitles":["","autoStrategy","buildAutoDeliverablesFromGoalContract"],"fullName":" autoStrategy buildAutoDeliverablesFromGoalContract generates VentureLaunch product deliverables with landing page, customer validation, and traction grammar","status":"passed","title":"generates VentureLaunch product deliverables with landing page, customer validation, and traction grammar","duration":58,"failureMessages":[]},{"ancestorTitles":["","autoStrategy","buildAutoDeliverablesFromGoalContract"],"fullName":" autoStrategy buildAutoDeliverablesFromGoalContract generates BrandLaunch deliverables with positioning, messaging, and identity grammar","status":"passed","title":"generates BrandLaunch deliverables with positioning, messaging, and identity grammar","duration":51,"failureMessages":[]},{"ancestorTitles":["","autoStrategy","buildAutoDeliverablesFromGoalContract"],"fullName":" autoStrategy buildAutoDeliverablesFromGoalContract generates commercial product launch deliverables for gum first-sales goals instead of brand-only work","status":"passed","title":"generates commercial product launch deliverables for gum first-sales goals instead of brand-only work","duration":98,"failureMessages":[]},{"ancestorTitles":["","autoStrategy","buildAutoDeliverablesFromGoalContract"],"fullName":" autoStrategy buildAutoDeliverablesFromGoalContract uses raw goal text when terminal outcome wording is too brand-generic","status":"passed","title":"uses raw goal text when terminal outcome wording is too brand-generic","duration":442,"failureMessages":[]},{"ancestorTitles":["","autoStrategy","buildAutoDeliverablesFromGoalContract"],"fullName":" autoStrategy buildAutoDeliverablesFromGoalContract sizes long-horizon commercial product launch strategy above sparse weekly cadence","status":"passed","title":"sizes long-horizon commercial product launch strategy above sparse weekly cadence","duration":384,"failureMessages":[]},{"ancestorTitles":["","autoStrategy","buildAutoDeliverablesFromGoalContract"],"fullName":" autoStrategy buildAutoDeliverablesFromGoalContract generates SalesPipeline deliverables with pipeline-stage grammar","status":"passed","title":"generates SalesPipeline deliverables with pipeline-stage grammar","duration":44,"failureMessages":[]},{"ancestorTitles":["","autoStrategy","buildAutoDeliverablesFromGoalContract"],"fullName":" autoStrategy buildAutoDeliverablesFromGoalContract generates Fundraising deliverables with investor-stage grammar","status":"passed","title":"generates Fundraising deliverables with investor-stage grammar","duration":45,"failureMessages":[]},{"ancestorTitles":["","autoStrategy","buildAutoDeliverablesFromGoalContract"],"fullName":" autoStrategy buildAutoDeliverablesFromGoalContract keeps package-preparation fundraising goals in investor-ready scope","status":"passed","title":"keeps package-preparation fundraising goals in investor-ready scope","duration":34,"failureMessages":[]},{"ancestorTitles":["","autoStrategy","buildAutoDeliverablesFromGoalContract"],"fullName":" autoStrategy buildAutoDeliverablesFromGoalContract generates JobSearchPipeline deliverables with application and interview grammar","status":"passed","title":"generates JobSearchPipeline deliverables with application and interview grammar","duration":46,"failureMessages":[]},{"ancestorTitles":["","autoStrategy","buildAutoDeliverablesFromGoalContract"],"fullName":" autoStrategy buildAutoDeliverablesFromGoalContract scales deliverable blocks based on time remaining","status":"passed","title":"scales deliverable blocks based on time remaining","duration":87,"failureMessages":[]},{"ancestorTitles":["","autoStrategy","buildAutoDeliverablesFromGoalContract"],"fullName":" autoStrategy buildAutoDeliverablesFromGoalContract handles invalid deadline gracefully","status":"passed","title":"handles invalid deadline gracefully","duration":23,"failureMessages":[]},{"ancestorTitles":["","autoStrategy","buildAutoDeliverablesFromGoalContract"],"fullName":" autoStrategy buildAutoDeliverablesFromGoalContract generic fallback: deliverable titles carry the goal object, not hollow phase labels","status":"passed","title":"generic fallback: deliverable titles carry the goal object, not hollow phase labels","duration":118,"failureMessages":[]},{"ancestorTitles":["","autoStrategy","buildAutoDeliverablesFromGoalContract"],"fullName":" autoStrategy buildAutoDeliverablesFromGoalContract minimum-deliverable padding: padded titles carry the goal object, not generic phase labels","status":"passed","title":"minimum-deliverable padding: padded titles carry the goal object, not generic phase labels","duration":12,"failureMessages":[]},{"ancestorTitles":["","autoStrategy","buildAutoDeliverablesFromGoalContract"],"fullName":" autoStrategy buildAutoDeliverablesFromGoalContract episodic fallback non-count path: no longer produces DELIVERABLE_OBJECT_MISSING title","status":"passed","title":"episodic fallback non-count path: no longer produces DELIVERABLE_OBJECT_MISSING title","duration":127,"failureMessages":[]},{"ancestorTitles":["","autoStrategy","detectCompoundGoal"],"fullName":" autoStrategy detectCompoundGoal detects compound goals with conjunction patterns","status":"passed","title":"detects compound goals with conjunction patterns","duration":3,"failureMessages":[]},{"ancestorTitles":["","autoStrategy","detectCompoundGoal"],"fullName":" autoStrategy detectCompoundGoal does not flag single outcome goals as compound","status":"passed","title":"does not flag single outcome goals as compound","duration":2,"failureMessages":[]}],"startTime":1776905265129,"endTime":1776905267986,"status":"passed","message":"","name":"/Users/jamesdotson/vscode/JERICHO/JERICHO/src/domain/autoStrategy.test.ts"},{"assertionResults":[{"ancestorTitles":["","review mode gating"],"fullName":" review mode gating disables mutating controls when readOnly is true","status":"passed","title":"disables mutating controls when readOnly is true","duration":70,"failureMessages":[]}],"startTime":1776907225134,"endTime":1776907225204,"status":"passed","message":"","name":"/Users/jamesdotson/vscode/JERICHO/JERICHO/src/components/__tests__/reviewMode.gating.test.jsx"},{"assertionResults":[{"ancestorTitles":["","autoDeliverables","generateAutoDeliverables"],"fullName":" autoDeliverables generateAutoDeliverables generates deliverables for PUBLISH goals","status":"passed","title":"generates deliverables for PUBLISH goals","duration":34,"failureMessages":[]},{"ancestorTitles":["","autoDeliverables","generateAutoDeliverables"],"fullName":" autoDeliverables generateAutoDeliverables generates deliverables for CREATE goals","status":"passed","title":"generates deliverables for CREATE goals","duration":6,"failureMessages":[]},{"ancestorTitles":["","autoDeliverables","generateAutoDeliverables"],"fullName":" autoDeliverables generateAutoDeliverables generates deliverables for MARKET goals","status":"passed","title":"generates deliverables for MARKET goals","duration":5,"failureMessages":[]},{"ancestorTitles":["","autoDeliverables","generateAutoDeliverables"],"fullName":" autoDeliverables generateAutoDeliverables generates launch-family deliverables for VentureLaunch service goals","status":"passed","title":"generates launch-family deliverables for VentureLaunch service goals","duration":15,"failureMessages":[]},{"ancestorTitles":["","autoDeliverables","generateAutoDeliverables"],"fullName":" autoDeliverables generateAutoDeliverables generates object-bearing deliverables for VentureLaunch product goals","status":"passed","title":"generates object-bearing deliverables for VentureLaunch product goals","duration":3,"failureMessages":[]},{"ancestorTitles":["","autoDeliverables","generateAutoDeliverables"],"fullName":" autoDeliverables generateAutoDeliverables generates launch-family deliverables for BrandLaunch goals","status":"passed","title":"generates launch-family deliverables for BrandLaunch goals","duration":9,"failureMessages":[]},{"ancestorTitles":["","autoDeliverables","generateAutoDeliverables"],"fullName":" autoDeliverables generateAutoDeliverables generates commercial product launch deliverables for BrandLaunch gum first-sales goals","status":"passed","title":"generates commercial product launch deliverables for BrandLaunch gum first-sales goals","duration":8,"failureMessages":[]},{"ancestorTitles":["","autoDeliverables","generateAutoDeliverables"],"fullName":" autoDeliverables generateAutoDeliverables scales commercial product launch work from the contract horizon and raw goal text","status":"passed","title":"scales commercial product launch work from the contract horizon and raw goal text","duration":4,"failureMessages":[]},{"ancestorTitles":["","autoDeliverables","generateAutoDeliverables"],"fullName":" autoDeliverables generateAutoDeliverables sizes long-horizon commercial product launch work above sparse weekly cadence","status":"passed","title":"sizes long-horizon commercial product launch work above sparse weekly cadence","duration":7,"failureMessages":[]},{"ancestorTitles":["","autoDeliverables","generateAutoDeliverables"],"fullName":" autoDeliverables generateAutoDeliverables generates revenue-capital deliverables for SalesPipeline goals","status":"passed","title":"generates revenue-capital deliverables for SalesPipeline goals","duration":3,"failureMessages":[]},{"ancestorTitles":["","autoDeliverables","generateAutoDeliverables"],"fullName":" autoDeliverables generateAutoDeliverables generates revenue-capital deliverables for Fundraising goals","status":"passed","title":"generates revenue-capital deliverables for Fundraising goals","duration":3,"failureMessages":[]},{"ancestorTitles":["","autoDeliverables","generateAutoDeliverables"],"fullName":" autoDeliverables generateAutoDeliverables keeps fundraising package-preparation goals inside preparation/readiness scope","status":"passed","title":"keeps fundraising package-preparation goals inside preparation/readiness scope","duration":6,"failureMessages":[]},{"ancestorTitles":["","autoDeliverables","generateAutoDeliverables"],"fullName":" autoDeliverables generateAutoDeliverables generates employment-pipeline deliverables for JobSearchPipeline goals","status":"passed","title":"generates employment-pipeline deliverables for JobSearchPipeline goals","duration":3,"failureMessages":[]},{"ancestorTitles":["","autoDeliverables","generateAutoDeliverables"],"fullName":" autoDeliverables generateAutoDeliverables generates employment-pipeline deliverables for JobSearchPipeline goals","status":"passed","title":"generates employment-pipeline deliverables for JobSearchPipeline goals","duration":2,"failureMessages":[]},{"ancestorTitles":["","autoDeliverables","generateAutoDeliverables"],"fullName":" autoDeliverables generateAutoDeliverables generates capability-credential deliverables for SkillAcquisition goals","status":"passed","title":"generates capability-credential deliverables for SkillAcquisition goals","duration":9,"failureMessages":[]},{"ancestorTitles":["","autoDeliverables","generateAutoDeliverables"],"fullName":" autoDeliverables generateAutoDeliverables preserves explicit multi-project branches for SkillAcquisition goals","status":"passed","title":"preserves explicit multi-project branches for SkillAcquisition goals","duration":6,"failureMessages":[]},{"ancestorTitles":["","autoDeliverables","generateAutoDeliverables"],"fullName":" autoDeliverables generateAutoDeliverables builds SQL-native deliverables for three-project interview-ready skill goals","status":"passed","title":"builds SQL-native deliverables for three-project interview-ready skill goals","duration":7,"failureMessages":[]},{"ancestorTitles":["","autoDeliverables","generateAutoDeliverables"],"fullName":" autoDeliverables generateAutoDeliverables generates object-bearing creative-production deliverables for video goals","status":"passed","title":"generates object-bearing creative-production deliverables for video goals","duration":9,"failureMessages":[]},{"ancestorTitles":["","autoDeliverables","generateAutoDeliverables"],"fullName":" autoDeliverables generateAutoDeliverables generates capability-credential deliverables for ProfessionalQualification goals","status":"passed","title":"generates capability-credential deliverables for ProfessionalQualification goals","duration":8,"failureMessages":[]},{"ancestorTitles":["","autoDeliverables","generateAutoDeliverables"],"fullName":" autoDeliverables generateAutoDeliverables generates deliverables for LEARN goals","status":"passed","title":"generates deliverables for LEARN goals","duration":5,"failureMessages":[]},{"ancestorTitles":["","autoDeliverables","generateAutoDeliverables"],"fullName":" autoDeliverables generateAutoDeliverables generates physical progression deliverables for PhysicalTraining goals","status":"passed","title":"generates physical progression deliverables for PhysicalTraining goals","duration":6,"failureMessages":[]},{"ancestorTitles":["","autoDeliverables","generateAutoDeliverables"],"fullName":" autoDeliverables generateAutoDeliverables generates body-composition deliverables with explicit exercise and adherence work","status":"passed","title":"generates body-composition deliverables with explicit exercise and adherence work","duration":4,"failureMessages":[]},{"ancestorTitles":["","autoDeliverables","generateAutoDeliverables"],"fullName":" autoDeliverables generateAutoDeliverables generates deliverables for OPS goals","status":"passed","title":"generates deliverables for OPS goals","duration":3,"failureMessages":[]},{"ancestorTitles":["","autoDeliverables","generateAutoDeliverables"],"fullName":" autoDeliverables generateAutoDeliverables generates deliverables for REVIEW goals","status":"passed","title":"generates deliverables for REVIEW goals","duration":3,"failureMessages":[]},{"ancestorTitles":["","autoDeliverables","generateAutoDeliverables","Deliverable structure"],"fullName":" autoDeliverables generateAutoDeliverables Deliverable structure all deliverables have required fields","status":"passed","title":"all deliverables have required fields","duration":5,"failureMessages":[]},{"ancestorTitles":["","autoDeliverables","generateAutoDeliverables","Deliverable structure"],"fullName":" autoDeliverables generateAutoDeliverables Deliverable structure IDs are unique within result set","status":"passed","title":"IDs are unique within result set","duration":3,"failureMessages":[]},{"ancestorTitles":["","autoDeliverables","generateAutoDeliverables","Deliverable structure"],"fullName":" autoDeliverables generateAutoDeliverables Deliverable structure IDs include mechanism class prefix","status":"passed","title":"IDs include mechanism class prefix","duration":4,"failureMessages":[]},{"ancestorTitles":["","autoDeliverables","generateAutoDeliverables","Outcome noun substitution"],"fullName":" autoDeliverables generateAutoDeliverables Outcome noun substitution substitutes {outcome} placeholder with extracted noun","status":"passed","title":"substitutes {outcome} placeholder with extracted noun","duration":3,"failureMessages":[]},{"ancestorTitles":["","autoDeliverables","generateAutoDeliverables","Outcome noun substitution"],"fullName":" autoDeliverables generateAutoDeliverables Outcome noun substitution handles missing goal text gracefully","status":"passed","title":"handles missing goal text gracefully","duration":2,"failureMessages":[]},{"ancestorTitles":["","autoDeliverables","generateAutoDeliverables","Outcome noun substitution"],"fullName":" autoDeliverables generateAutoDeliverables Outcome noun substitution generates meaningful deliverable titles","status":"passed","title":"generates meaningful deliverable titles","duration":2,"failureMessages":[]},{"ancestorTitles":["","autoDeliverables","generateAutoDeliverables","Determinism: same input = identical output"],"fullName":" autoDeliverables generateAutoDeliverables Determinism: same input = identical output same goal produces identical deliverables on repeat calls","status":"passed","title":"same goal produces identical deliverables on repeat calls","duration":1,"failureMessages":[]},{"ancestorTitles":["","autoDeliverables","generateAutoDeliverables","Determinism: same input = identical output"],"fullName":" autoDeliverables generateAutoDeliverables Determinism: same input = identical output different goals produce different deliverables","status":"passed","title":"different goals produce different deliverables","duration":1,"failureMessages":[]},{"ancestorTitles":["","autoDeliverables","totalAutoBlocksRequired"],"fullName":" autoDeliverables totalAutoBlocksRequired sums all deliverable blocks","status":"passed","title":"sums all deliverable blocks","duration":1,"failureMessages":[]},{"ancestorTitles":["","autoDeliverables","totalAutoBlocksRequired"],"fullName":" autoDeliverables totalAutoBlocksRequired returns reasonable totals per mechanism","status":"passed","title":"returns reasonable totals per mechanism","duration":1,"failureMessages":[]},{"ancestorTitles":["","autoDeliverables","debugAutoDeliverablesGeneration"],"fullName":" autoDeliverables debugAutoDeliverablesGeneration returns diagnostic output object","status":"passed","title":"returns diagnostic output object","duration":2,"failureMessages":[]},{"ancestorTitles":["","autoDeliverables","debugAutoDeliverablesGeneration"],"fullName":" autoDeliverables debugAutoDeliverablesGeneration diagnostic deliverables match actual generation","status":"passed","title":"diagnostic deliverables match actual generation","duration":1,"failureMessages":[]},{"ancestorTitles":["","autoDeliverables","Integration: mechanism class → templates → deliverables"],"fullName":" autoDeliverables Integration: mechanism class → templates → deliverables end-to-end: goal text → mechanism → deliverables","status":"passed","title":"end-to-end: goal text → mechanism → deliverables","duration":4,"failureMessages":[]},{"ancestorTitles":["","autoDeliverables","Integration: mechanism class → templates → deliverables"],"fullName":" autoDeliverables Integration: mechanism class → templates → deliverables all deliverables are schedulable (positive block counts)","status":"passed","title":"all deliverables are schedulable (positive block counts)","duration":2,"failureMessages":[]},{"ancestorTitles":["","autoDeliverables","Edge cases"],"fullName":" autoDeliverables Edge cases handles empty goal contract","status":"passed","title":"handles empty goal contract","duration":1,"failureMessages":[]},{"ancestorTitles":["","autoDeliverables","Edge cases"],"fullName":" autoDeliverables Edge cases handles null/undefined text fields","status":"passed","title":"handles null/undefined text fields","duration":2,"failureMessages":[]},{"ancestorTitles":["","autoDeliverables","Edge cases"],"fullName":" autoDeliverables Edge cases handles very long goal text","status":"passed","title":"handles very long goal text","duration":2,"failureMessages":[]},{"ancestorTitles":["","autoDeliverables","Edge cases"],"fullName":" autoDeliverables Edge cases handles special characters in goal text","status":"passed","title":"handles special characters in goal text","duration":5,"failureMessages":[]},{"ancestorTitles":["","ST-01 remediation: music-release deliverable quality"],"fullName":" ST-01 remediation: music-release deliverable quality no music-release deliverable title is a session-attendance label","status":"passed","title":"no music-release deliverable title is a session-attendance label","duration":7,"failureMessages":[]},{"ancestorTitles":["","ST-01 remediation: music-release deliverable quality"],"fullName":" ST-01 remediation: music-release deliverable quality music-release deliverables reference a concrete artifact or completion state","status":"passed","title":"music-release deliverables reference a concrete artifact or completion state","duration":1,"failureMessages":[]},{"ancestorTitles":["","ST-01 remediation: music-release deliverable quality"],"fullName":" ST-01 remediation: music-release deliverable quality music-release deliverables are distinguishable from one another","status":"passed","title":"music-release deliverables are distinguishable from one another","duration":2,"failureMessages":[]},{"ancestorTitles":["","ST-01 remediation: music-release deliverable quality"],"fullName":" ST-01 remediation: music-release deliverable quality music-release deliverable for tracked recordings names a tangible completion state","status":"passed","title":"music-release deliverable for tracked recordings names a tangible completion state","duration":1,"failureMessages":[]}],"startTime":1776905265104,"endTime":1776905265334,"status":"passed","message":"","name":"/Users/jamesdotson/vscode/JERICHO/JERICHO/src/core/__tests__/autoDeliverables.test.ts"},{"assertionResults":[{"ancestorTitles":["","autoGeneration.integration","Flow: Goal Text → Mechanism → Deliverables → Plan Blocks","Music Publishing Goal"],"fullName":" autoGeneration.integration Flow: Goal Text → Mechanism → Deliverables → Plan Blocks Music Publishing Goal derives correct mechanism class","status":"passed","title":"derives correct mechanism class","duration":11,"failureMessages":[]},{"ancestorTitles":["","autoGeneration.integration","Flow: Goal Text → Mechanism → Deliverables → Plan Blocks","Music Publishing Goal"],"fullName":" autoGeneration.integration Flow: Goal Text → Mechanism → Deliverables → Plan Blocks Music Publishing Goal generates sufficient deliverables","status":"passed","title":"generates sufficient deliverables","duration":19,"failureMessages":[]},{"ancestorTitles":["","autoGeneration.integration","Flow: Goal Text → Mechanism → Deliverables → Plan Blocks","Music Publishing Goal"],"fullName":" autoGeneration.integration Flow: Goal Text → Mechanism → Deliverables → Plan Blocks Music Publishing Goal allocates sufficient total blocks","status":"passed","title":"allocates sufficient total blocks","duration":4,"failureMessages":[]},{"ancestorTitles":["","autoGeneration.integration","Flow: Goal Text → Mechanism → Deliverables → Plan Blocks","Music Publishing Goal"],"fullName":" autoGeneration.integration Flow: Goal Text → Mechanism → Deliverables → Plan Blocks Music Publishing Goal all blocks are positive integers","status":"passed","title":"all blocks are positive integers","duration":2,"failureMessages":[]},{"ancestorTitles":["","autoGeneration.integration","Flow: Goal Text → Mechanism → Deliverables → Plan Blocks","Music Publishing Goal"],"fullName":" autoGeneration.integration Flow: Goal Text → Mechanism → Deliverables → Plan Blocks Music Publishing Goal deliverable IDs include mechanism prefix","status":"passed","title":"deliverable IDs include mechanism prefix","duration":3,"failureMessages":[]},{"ancestorTitles":["","autoGeneration.integration","Flow: Goal Text → Mechanism → Deliverables → Plan Blocks","Learning Goal"],"fullName":" autoGeneration.integration Flow: Goal Text → Mechanism → Deliverables → Plan Blocks Learning Goal derives correct mechanism class","status":"passed","title":"derives correct mechanism class","duration":1,"failureMessages":[]},{"ancestorTitles":["","autoGeneration.integration","Flow: Goal Text → Mechanism → Deliverables → Plan Blocks","Learning Goal"],"fullName":" autoGeneration.integration Flow: Goal Text → Mechanism → Deliverables → Plan Blocks Learning Goal generates sufficient deliverables","status":"passed","title":"generates sufficient deliverables","duration":5,"failureMessages":[]},{"ancestorTitles":["","autoGeneration.integration","Flow: Goal Text → Mechanism → Deliverables → Plan Blocks","Learning Goal"],"fullName":" autoGeneration.integration Flow: Goal Text → Mechanism → Deliverables → Plan Blocks Learning Goal allocates sufficient total blocks","status":"passed","title":"allocates sufficient total blocks","duration":2,"failureMessages":[]},{"ancestorTitles":["","autoGeneration.integration","Flow: Goal Text → Mechanism → Deliverables → Plan Blocks","Learning Goal"],"fullName":" autoGeneration.integration Flow: Goal Text → Mechanism → Deliverables → Plan Blocks Learning Goal all blocks are positive integers","status":"passed","title":"all blocks are positive integers","duration":2,"failureMessages":[]},{"ancestorTitles":["","autoGeneration.integration","Flow: Goal Text → Mechanism → Deliverables → Plan Blocks","Learning Goal"],"fullName":" autoGeneration.integration Flow: Goal Text → Mechanism → Deliverables → Plan Blocks Learning Goal deliverable IDs include mechanism prefix","status":"passed","title":"deliverable IDs include mechanism prefix","duration":2,"failureMessages":[]},{"ancestorTitles":["","autoGeneration.integration","Flow: Goal Text → Mechanism → Deliverables → Plan Blocks","Product Build Goal"],"fullName":" autoGeneration.integration Flow: Goal Text → Mechanism → Deliverables → Plan Blocks Product Build Goal derives correct mechanism class","status":"passed","title":"derives correct mechanism class","duration":1,"failureMessages":[]},{"ancestorTitles":["","autoGeneration.integration","Flow: Goal Text → Mechanism → Deliverables → Plan Blocks","Product Build Goal"],"fullName":" autoGeneration.integration Flow: Goal Text → Mechanism → Deliverables → Plan Blocks Product Build Goal generates sufficient deliverables","status":"passed","title":"generates sufficient deliverables","duration":4,"failureMessages":[]},{"ancestorTitles":["","autoGeneration.integration","Flow: Goal Text → Mechanism → Deliverables → Plan Blocks","Product Build Goal"],"fullName":" autoGeneration.integration Flow: Goal Text → Mechanism → Deliverables → Plan Blocks Product Build Goal allocates sufficient total blocks","status":"passed","title":"allocates sufficient total blocks","duration":1,"failureMessages":[]},{"ancestorTitles":["","autoGeneration.integration","Flow: Goal Text → Mechanism → Deliverables → Plan Blocks","Product Build Goal"],"fullName":" autoGeneration.integration Flow: Goal Text → Mechanism → Deliverables → Plan Blocks Product Build Goal all blocks are positive integers","status":"passed","title":"all blocks are positive integers","duration":2,"failureMessages":[]},{"ancestorTitles":["","autoGeneration.integration","Flow: Goal Text → Mechanism → Deliverables → Plan Blocks","Product Build Goal"],"fullName":" autoGeneration.integration Flow: Goal Text → Mechanism → Deliverables → Plan Blocks Product Build Goal deliverable IDs include mechanism prefix","status":"passed","title":"deliverable IDs include mechanism prefix","duration":2,"failureMessages":[]},{"ancestorTitles":["","autoGeneration.integration","Flow: Goal Text → Mechanism → Deliverables → Plan Blocks","Code Review Goal"],"fullName":" autoGeneration.integration Flow: Goal Text → Mechanism → Deliverables → Plan Blocks Code Review Goal derives correct mechanism class","status":"passed","title":"derives correct mechanism class","duration":1,"failureMessages":[]},{"ancestorTitles":["","autoGeneration.integration","Flow: Goal Text → Mechanism → Deliverables → Plan Blocks","Code Review Goal"],"fullName":" autoGeneration.integration Flow: Goal Text → Mechanism → Deliverables → Plan Blocks Code Review Goal generates sufficient deliverables","status":"passed","title":"generates sufficient deliverables","duration":5,"failureMessages":[]},{"ancestorTitles":["","autoGeneration.integration","Flow: Goal Text → Mechanism → Deliverables → Plan Blocks","Code Review Goal"],"fullName":" autoGeneration.integration Flow: Goal Text → Mechanism → Deliverables → Plan Blocks Code Review Goal allocates sufficient total blocks","status":"passed","title":"allocates sufficient total blocks","duration":2,"failureMessages":[]},{"ancestorTitles":["","autoGeneration.integration","Flow: Goal Text → Mechanism → Deliverables → Plan Blocks","Code Review Goal"],"fullName":" autoGeneration.integration Flow: Goal Text → Mechanism → Deliverables → Plan Blocks Code Review Goal all blocks are positive integers","status":"passed","title":"all blocks are positive integers","duration":2,"failureMessages":[]},{"ancestorTitles":["","autoGeneration.integration","Flow: Goal Text → Mechanism → Deliverables → Plan Blocks","Code Review Goal"],"fullName":" autoGeneration.integration Flow: Goal Text → Mechanism → Deliverables → Plan Blocks Code Review Goal deliverable IDs include mechanism prefix","status":"passed","title":"deliverable IDs include mechanism prefix","duration":2,"failureMessages":[]},{"ancestorTitles":["","autoGeneration.integration","Flow: Goal Text → Mechanism → Deliverables → Plan Blocks","Marketing Growth Goal"],"fullName":" autoGeneration.integration Flow: Goal Text → Mechanism → Deliverables → Plan Blocks Marketing Growth Goal derives correct mechanism class","status":"passed","title":"derives correct mechanism class","duration":1,"failureMessages":[]},{"ancestorTitles":["","autoGeneration.integration","Flow: Goal Text → Mechanism → Deliverables → Plan Blocks","Marketing Growth Goal"],"fullName":" autoGeneration.integration Flow: Goal Text → Mechanism → Deliverables → Plan Blocks Marketing Growth Goal generates sufficient deliverables","status":"passed","title":"generates sufficient deliverables","duration":5,"failureMessages":[]},{"ancestorTitles":["","autoGeneration.integration","Flow: Goal Text → Mechanism → Deliverables → Plan Blocks","Marketing Growth Goal"],"fullName":" autoGeneration.integration Flow: Goal Text → Mechanism → Deliverables → Plan Blocks Marketing Growth Goal allocates sufficient total blocks","status":"passed","title":"allocates sufficient total blocks","duration":1,"failureMessages":[]},{"ancestorTitles":["","autoGeneration.integration","Flow: Goal Text → Mechanism → Deliverables → Plan Blocks","Marketing Growth Goal"],"fullName":" autoGeneration.integration Flow: Goal Text → Mechanism → Deliverables → Plan Blocks Marketing Growth Goal all blocks are positive integers","status":"passed","title":"all blocks are positive integers","duration":2,"failureMessages":[]},{"ancestorTitles":["","autoGeneration.integration","Flow: Goal Text → Mechanism → Deliverables → Plan Blocks","Marketing Growth Goal"],"fullName":" autoGeneration.integration Flow: Goal Text → Mechanism → Deliverables → Plan Blocks Marketing Growth Goal deliverable IDs include mechanism prefix","status":"passed","title":"deliverable IDs include mechanism prefix","duration":2,"failureMessages":[]},{"ancestorTitles":["","autoGeneration.integration","Flow: Goal Text → Mechanism → Deliverables → Plan Blocks","Infrastructure Setup Goal"],"fullName":" autoGeneration.integration Flow: Goal Text → Mechanism → Deliverables → Plan Blocks Infrastructure Setup Goal derives correct mechanism class","status":"passed","title":"derives correct mechanism class","duration":1,"failureMessages":[]},{"ancestorTitles":["","autoGeneration.integration","Flow: Goal Text → Mechanism → Deliverables → Plan Blocks","Infrastructure Setup Goal"],"fullName":" autoGeneration.integration Flow: Goal Text → Mechanism → Deliverables → Plan Blocks Infrastructure Setup Goal generates sufficient deliverables","status":"passed","title":"generates sufficient deliverables","duration":4,"failureMessages":[]},{"ancestorTitles":["","autoGeneration.integration","Flow: Goal Text → Mechanism → Deliverables → Plan Blocks","Infrastructure Setup Goal"],"fullName":" autoGeneration.integration Flow: Goal Text → Mechanism → Deliverables → Plan Blocks Infrastructure Setup Goal allocates sufficient total blocks","status":"passed","title":"allocates sufficient total blocks","duration":1,"failureMessages":[]},{"ancestorTitles":["","autoGeneration.integration","Flow: Goal Text → Mechanism → Deliverables → Plan Blocks","Infrastructure Setup Goal"],"fullName":" autoGeneration.integration Flow: Goal Text → Mechanism → Deliverables → Plan Blocks Infrastructure Setup Goal all blocks are positive integers","status":"passed","title":"all blocks are positive integers","duration":3,"failureMessages":[]},{"ancestorTitles":["","autoGeneration.integration","Flow: Goal Text → Mechanism → Deliverables → Plan Blocks","Infrastructure Setup Goal"],"fullName":" autoGeneration.integration Flow: Goal Text → Mechanism → Deliverables → Plan Blocks Infrastructure Setup Goal deliverable IDs include mechanism prefix","status":"passed","title":"deliverable IDs include mechanism prefix","duration":2,"failureMessages":[]},{"ancestorTitles":["","autoGeneration.integration","Acceptance Criteria"],"fullName":" autoGeneration.integration Acceptance Criteria AC1: Regenerate Route produces blocks without manual deliverables","status":"passed","title":"AC1: Regenerate Route produces blocks without manual deliverables","duration":1,"failureMessages":[]},{"ancestorTitles":["","autoGeneration.integration","Acceptance Criteria"],"fullName":" autoGeneration.integration Acceptance Criteria AC2: Deterministic - same goal produces identical plan each time","status":"passed","title":"AC2: Deterministic - same goal produces identical plan each time","duration":3,"failureMessages":[]},{"ancestorTitles":["","autoGeneration.integration","Acceptance Criteria"],"fullName":" autoGeneration.integration Acceptance Criteria AC3: No LLM calls - purely deterministic keyword matching","status":"passed","title":"AC3: No LLM calls - purely deterministic keyword matching","duration":7,"failureMessages":[]},{"ancestorTitles":["","autoGeneration.integration","Acceptance Criteria"],"fullName":" autoGeneration.integration Acceptance Criteria AC4: System handles edge cases gracefully","status":"passed","title":"AC4: System handles edge cases gracefully","duration":4,"failureMessages":[]},{"ancestorTitles":["","autoGeneration.integration","Regression: Phase 1 coexistence"],"fullName":" autoGeneration.integration Regression: Phase 1 coexistence mechanism-class system is orthogonal to Phase 1 autoStrategy","status":"passed","title":"mechanism-class system is orthogonal to Phase 1 autoStrategy","duration":1,"failureMessages":[]},{"ancestorTitles":["","autoGeneration.integration","Performance"],"fullName":" autoGeneration.integration Performance mechanism class derivation stays comfortably sub-millisecond on average","status":"passed","title":"mechanism class derivation stays comfortably sub-millisecond on average","duration":15,"failureMessages":[]},{"ancestorTitles":["","autoGeneration.integration","Performance"],"fullName":" autoGeneration.integration Performance deliverable generation is <5ms per goal","status":"passed","title":"deliverable generation is <5ms per goal","duration":9,"failureMessages":[]}],"startTime":1776907084475,"endTime":1776907084614,"status":"passed","message":"","name":"/Users/jamesdotson/vscode/JERICHO/JERICHO/src/core/__tests__/autoGeneration.integration.test.ts"},{"assertionResults":[{"ancestorTitles":["","deadline utilities","isValidDayKey"],"fullName":" deadline utilities isValidDayKey accepts YYYY-MM-DD format","status":"passed","title":"accepts YYYY-MM-DD format","duration":11,"failureMessages":[]},{"ancestorTitles":["","deadline utilities","isValidDayKey"],"fullName":" deadline utilities isValidDayKey rejects invalid formats","status":"passed","title":"rejects invalid formats","duration":4,"failureMessages":[]},{"ancestorTitles":["","deadline utilities","getDeadlineDayKey"],"fullName":" deadline utilities getDeadlineDayKey extracts from deadline.dayKey (preferred source)","status":"passed","title":"extracts from deadline.dayKey (preferred source)","duration":1,"failureMessages":[]},{"ancestorTitles":["","deadline utilities","getDeadlineDayKey"],"fullName":" deadline utilities getDeadlineDayKey converts from deadlineISO (legacy)","status":"passed","title":"converts from deadlineISO (legacy)","duration":8,"failureMessages":[]},{"ancestorTitles":["","deadline utilities","getDeadlineDayKey"],"fullName":" deadline utilities getDeadlineDayKey uses deadlineDayKey fallback","status":"passed","title":"uses deadlineDayKey fallback","duration":1,"failureMessages":[]},{"ancestorTitles":["","deadline utilities","getDeadlineDayKey"],"fullName":" deadline utilities getDeadlineDayKey uses definiteGoal.deadlineDayKey as last resort","status":"passed","title":"uses definiteGoal.deadlineDayKey as last resort","duration":1,"failureMessages":[]},{"ancestorTitles":["","deadline utilities","getDeadlineDayKey"],"fullName":" deadline utilities getDeadlineDayKey prefers deadline.dayKey over other sources","status":"passed","title":"prefers deadline.dayKey over other sources","duration":2,"failureMessages":[]},{"ancestorTitles":["","deadline utilities","getDeadlineDayKey"],"fullName":" deadline utilities getDeadlineDayKey returns null for missing deadline","status":"passed","title":"returns null for missing deadline","duration":1,"failureMessages":[]},{"ancestorTitles":["","deadline utilities","getDeadlineDayKey"],"fullName":" deadline utilities getDeadlineDayKey returns null for invalid deadline","status":"passed","title":"returns null for invalid deadline","duration":2,"failureMessages":[]},{"ancestorTitles":["","deadline utilities","getDeadlineDayKey"],"fullName":" deadline utilities getDeadlineDayKey returns null for null contract","status":"passed","title":"returns null for null contract","duration":2,"failureMessages":[]},{"ancestorTitles":["","deadline utilities","getDeadlineDayKey"],"fullName":" deadline utilities getDeadlineDayKey handles malformed ISO gracefully","status":"passed","title":"handles malformed ISO gracefully","duration":1,"failureMessages":[]},{"ancestorTitles":["","deadline utilities","normalizeDayKey"],"fullName":" deadline utilities normalizeDayKey returns dayKey unchanged if already valid","status":"passed","title":"returns dayKey unchanged if already valid","duration":1,"failureMessages":[]},{"ancestorTitles":["","deadline utilities","normalizeDayKey"],"fullName":" deadline utilities normalizeDayKey converts ISO to dayKey","status":"passed","title":"converts ISO to dayKey","duration":4,"failureMessages":[]},{"ancestorTitles":["","deadline utilities","normalizeDayKey"],"fullName":" deadline utilities normalizeDayKey returns null for invalid input","status":"passed","title":"returns null for invalid input","duration":2,"failureMessages":[]},{"ancestorTitles":["","deadline utilities","normalizeDayKey"],"fullName":" deadline utilities normalizeDayKey handles timezone-aware ISO conversion","status":"passed","title":"handles timezone-aware ISO conversion","duration":3,"failureMessages":[]},{"ancestorTitles":["","deadline utilities","debugDeadline"],"fullName":" deadline utilities debugDeadline identifies deadline.dayKey source","status":"passed","title":"identifies deadline.dayKey source","duration":2,"failureMessages":[]},{"ancestorTitles":["","deadline utilities","debugDeadline"],"fullName":" deadline utilities debugDeadline identifies deadlineISO source","status":"passed","title":"identifies deadlineISO source","duration":3,"failureMessages":[]},{"ancestorTitles":["","deadline utilities","debugDeadline"],"fullName":" deadline utilities debugDeadline marks invalid deadline as invalid","status":"passed","title":"marks invalid deadline as invalid","duration":2,"failureMessages":[]},{"ancestorTitles":["","deadline utilities","debugDeadline"],"fullName":" deadline utilities debugDeadline handles missing deadline","status":"passed","title":"handles missing deadline","duration":1,"failureMessages":[]},{"ancestorTitles":["","deadline utilities","real-world scenarios"],"fullName":" deadline utilities real-world scenarios admitted contract with deadline.dayKey parses correctly","status":"passed","title":"admitted contract with deadline.dayKey parses correctly","duration":1,"failureMessages":[]},{"ancestorTitles":["","deadline utilities","real-world scenarios"],"fullName":" deadline utilities real-world scenarios legacy draft contract with ISO deadline normalizes correctly","status":"passed","title":"legacy draft contract with ISO deadline normalizes correctly","duration":3,"failureMessages":[]},{"ancestorTitles":["","deadline utilities","real-world scenarios"],"fullName":" deadline utilities real-world scenarios contract with multiple deadline fields prefers canonical","status":"passed","title":"contract with multiple deadline fields prefers canonical","duration":1,"failureMessages":[]},{"ancestorTitles":["","deadline utilities","real-world scenarios"],"fullName":" deadline utilities real-world scenarios handles plan generation scenario with goalContract","status":"passed","title":"handles plan generation scenario with goalContract","duration":0,"failureMessages":[]},{"ancestorTitles":["","deadline utilities","determinism"],"fullName":" deadline utilities determinism same contract produces same result on repeated calls","status":"passed","title":"same contract produces same result on repeated calls","duration":1,"failureMessages":[]},{"ancestorTitles":["","deadline utilities","determinism"],"fullName":" deadline utilities determinism normalizeDayKey is deterministic","status":"passed","title":"normalizeDayKey is deterministic","duration":8,"failureMessages":[]}],"startTime":1776907100158,"endTime":1776907100230,"status":"passed","message":"","name":"/Users/jamesdotson/vscode/JERICHO/JERICHO/src/core/__tests__/deadline.test.ts"},{"assertionResults":[{"ancestorTitles":["","deterministicPlanGenerator","buildAutoDeliverables"],"fullName":" deterministicPlanGenerator buildAutoDeliverables builds 3-tier default model when no causal chain","status":"passed","title":"builds 3-tier default model when no causal chain","duration":3,"failureMessages":[]},{"ancestorTitles":["","deterministicPlanGenerator","buildAutoDeliverables"],"fullName":" deterministicPlanGenerator buildAutoDeliverables uses causal chain steps when provided","status":"passed","title":"uses causal chain steps when provided","duration":0,"failureMessages":[]},{"ancestorTitles":["","deterministicPlanGenerator","buildAutoDeliverables"],"fullName":" deterministicPlanGenerator buildAutoDeliverables sorts causal chain by sequence","status":"passed","title":"sorts causal chain by sequence","duration":1,"failureMessages":[]},{"ancestorTitles":["","deterministicPlanGenerator","buildAutoDeliverables"],"fullName":" deterministicPlanGenerator buildAutoDeliverables returns empty array for empty causal chain","status":"passed","title":"returns empty array for empty causal chain","duration":0,"failureMessages":[]},{"ancestorTitles":["","deterministicPlanGenerator","determinism: same input → same output"],"fullName":" deterministicPlanGenerator determinism: same input → same output generates identical blocks for repeated calls","status":"passed","title":"generates identical blocks for repeated calls","duration":3,"failureMessages":[]},{"ancestorTitles":["","deterministicPlanGenerator","determinism: same input → same output"],"fullName":" deterministicPlanGenerator determinism: same input → same output preserves block order across generations","status":"passed","title":"preserves block order across generations","duration":2,"failureMessages":[]},{"ancestorTitles":["","deterministicPlanGenerator","constraint enforcement"],"fullName":" deterministicPlanGenerator constraint enforcement rejects zero daily capacity","status":"passed","title":"rejects zero daily capacity","duration":0,"failureMessages":[]},{"ancestorTitles":["","deterministicPlanGenerator","constraint enforcement"],"fullName":" deterministicPlanGenerator constraint enforcement rejects negative daily capacity","status":"passed","title":"rejects negative daily capacity","duration":1,"failureMessages":[]},{"ancestorTitles":["","deterministicPlanGenerator","constraint enforcement"],"fullName":" deterministicPlanGenerator constraint enforcement rejects zero weekly capacity","status":"passed","title":"rejects zero weekly capacity","duration":0,"failureMessages":[]},{"ancestorTitles":["","deterministicPlanGenerator","constraint enforcement"],"fullName":" deterministicPlanGenerator constraint enforcement rejects deadline before start date","status":"passed","title":"rejects deadline before start date","duration":0,"failureMessages":[]},{"ancestorTitles":["","deterministicPlanGenerator","constraint enforcement"],"fullName":" deterministicPlanGenerator constraint enforcement rejects deadline equal to start date","status":"passed","title":"rejects deadline equal to start date","duration":1,"failureMessages":[]},{"ancestorTitles":["","deterministicPlanGenerator","constraint enforcement"],"fullName":" deterministicPlanGenerator constraint enforcement respects daily block limit","status":"passed","title":"respects daily block limit","duration":0,"failureMessages":[]},{"ancestorTitles":["","deterministicPlanGenerator","mode: REGENERATE vs REBASE_FROM_TODAY"],"fullName":" deterministicPlanGenerator mode: REGENERATE vs REBASE_FROM_TODAY REGENERATE uses contract start date","status":"passed","title":"REGENERATE uses contract start date","duration":0,"failureMessages":[]},{"ancestorTitles":["","deterministicPlanGenerator","mode: REGENERATE vs REBASE_FROM_TODAY"],"fullName":" deterministicPlanGenerator mode: REGENERATE vs REBASE_FROM_TODAY REBASE_FROM_TODAY uses now date","status":"passed","title":"REBASE_FROM_TODAY uses now date","duration":1,"failureMessages":[]},{"ancestorTitles":["","deterministicPlanGenerator","auto-deliverables integration"],"fullName":" deterministicPlanGenerator auto-deliverables integration auto-deliverables appear in result","status":"passed","title":"auto-deliverables appear in result","duration":0,"failureMessages":[]},{"ancestorTitles":["","deterministicPlanGenerator","auto-deliverables integration"],"fullName":" deterministicPlanGenerator auto-deliverables integration blocks are assigned to deliverables","status":"passed","title":"blocks are assigned to deliverables","duration":1,"failureMessages":[]},{"ancestorTitles":["","deterministicPlanGenerator","feasibility guarantees"],"fullName":" deterministicPlanGenerator feasibility guarantees returns SUCCESS with >0 blocks when feasible","status":"passed","title":"returns SUCCESS with >0 blocks when feasible","duration":1,"failureMessages":[]},{"ancestorTitles":["","deterministicPlanGenerator","feasibility guarantees"],"fullName":" deterministicPlanGenerator feasibility guarantees returns INFEASIBLE with error code when infeasible","status":"passed","title":"returns INFEASIBLE with error code when infeasible","duration":0,"failureMessages":[]},{"ancestorTitles":["","deterministicPlanGenerator","feasibility guarantees"],"fullName":" deterministicPlanGenerator feasibility guarantees respects preferred days of week","status":"passed","title":"respects preferred days of week","duration":2,"failureMessages":[]},{"ancestorTitles":["","deterministicPlanGenerator","feasibility guarantees"],"fullName":" deterministicPlanGenerator feasibility guarantees respects blackout dates","status":"passed","title":"respects blackout dates","duration":2,"failureMessages":[]},{"ancestorTitles":["","deterministicPlanGenerator","causal chain scheduling"],"fullName":" deterministicPlanGenerator causal chain scheduling schedules blocks from causal chain","status":"passed","title":"schedules blocks from causal chain","duration":1,"failureMessages":[]},{"ancestorTitles":["","deterministicPlanGenerator","iteration guardrails: termination under pathological constraints"],"fullName":" deterministicPlanGenerator iteration guardrails: termination under pathological constraints terminates and returns INFEASIBLE under worst-case constraints (1-day deadline, 0 capacity)","status":"passed","title":"terminates and returns INFEASIBLE under worst-case constraints (1-day deadline, 0 capacity)","duration":1,"failureMessages":[]},{"ancestorTitles":["","deterministicPlanGenerator","iteration guardrails: termination under pathological constraints"],"fullName":" deterministicPlanGenerator iteration guardrails: termination under pathological constraints terminates and returns INFEASIBLE under very tight constraints (10 blocks required, 1 day, 1 block/day max)","status":"passed","title":"terminates and returns INFEASIBLE under very tight constraints (10 blocks required, 1 day, 1 block/day max)","duration":0,"failureMessages":[]},{"ancestorTitles":["","deterministicPlanGenerator","iteration guardrails: termination under pathological constraints"],"fullName":" deterministicPlanGenerator iteration guardrails: termination under pathological constraints terminates quickly even with very long date range (100 years)","status":"passed","title":"terminates quickly even with very long date range (100 years)","duration":0,"failureMessages":[]},{"ancestorTitles":["","deterministicPlanGenerator","iteration cap distance verification"],"fullName":" deterministicPlanGenerator iteration cap distance verification typical admitted goal uses minimal iterations (proves cap is safe margin)","status":"passed","title":"typical admitted goal uses minimal iterations (proves cap is safe margin)","duration":1,"failureMessages":[]},{"ancestorTitles":["","deterministicPlanGenerator","iteration cap distance verification"],"fullName":" deterministicPlanGenerator iteration cap distance verification tight but valid goal still uses fraction of cap","status":"passed","title":"tight but valid goal still uses fraction of cap","duration":0,"failureMessages":[]},{"ancestorTitles":["","deterministicPlanGenerator","iteration cap distance verification"],"fullName":" deterministicPlanGenerator iteration cap distance verification high-capacity goal (max blocks) uses manageable iterations","status":"passed","title":"high-capacity goal (max blocks) uses manageable iterations","duration":1,"failureMessages":[]},{"ancestorTitles":["","deterministicPlanGenerator","iteration cap distance verification"],"fullName":" deterministicPlanGenerator iteration cap distance verification explicit guard errors expose iteration counts for debugging","status":"passed","title":"explicit guard errors expose iteration counts for debugging","duration":3,"failureMessages":[]}],"startTime":1776907069950,"endTime":1776907069978,"status":"passed","message":"","name":"/Users/jamesdotson/vscode/JERICHO/JERICHO/src/core/__tests__/deterministicPlanGenerator.test.ts"},{"assertionResults":[{"ancestorTitles":["","Auto-Placement Draft Schedule"],"fullName":" Auto-Placement Draft Schedule should generate DRAFT_SCHEDULE_CLEAR and DRAFT_BLOCK_CREATE events","status":"passed","title":"should generate DRAFT_SCHEDULE_CLEAR and DRAFT_BLOCK_CREATE events","duration":155,"failureMessages":[]},{"ancestorTitles":["","Auto-Placement Draft Schedule"],"fullName":" Auto-Placement Draft Schedule should generate DRAFT_BLOCK_CREATE events for new blocks","status":"passed","title":"should generate DRAFT_BLOCK_CREATE events for new blocks","duration":89,"failureMessages":[]},{"ancestorTitles":["","Auto-Placement Draft Schedule"],"fullName":" Auto-Placement Draft Schedule should preserve determinism with same inputs","status":"passed","title":"should preserve determinism with same inputs","duration":178,"failureMessages":[]},{"ancestorTitles":["","Auto-Placement Draft Schedule"],"fullName":" Auto-Placement Draft Schedule should generate multiple blocks in order","status":"passed","title":"should generate multiple blocks in order","duration":256,"failureMessages":[]}],"startTime":1776907122083,"endTime":1776907122763,"status":"passed","message":"","name":"/Users/jamesdotson/vscode/JERICHO/JERICHO/src/core/__tests__/draftSchedule.autoplacement.test.ts"},{"assertionResults":[{"ancestorTitles":["","mechanismClass","deriveMechanismClass","PUBLISH mechanism"],"fullName":" mechanismClass deriveMechanismClass PUBLISH mechanism detects publish keywords","status":"passed","title":"detects publish keywords","duration":16,"failureMessages":[]},{"ancestorTitles":["","mechanismClass","deriveMechanismClass","PUBLISH mechanism"],"fullName":" mechanismClass deriveMechanismClass PUBLISH mechanism detects launch keywords","status":"passed","title":"detects launch keywords","duration":2,"failureMessages":[]},{"ancestorTitles":["","mechanismClass","deriveMechanismClass","PUBLISH mechanism"],"fullName":" mechanismClass deriveMechanismClass PUBLISH mechanism detects deploy keywords","status":"passed","title":"detects deploy keywords","duration":2,"failureMessages":[]},{"ancestorTitles":["","mechanismClass","deriveMechanismClass","PUBLISH mechanism"],"fullName":" mechanismClass deriveMechanismClass PUBLISH mechanism is case-insensitive","status":"passed","title":"is case-insensitive","duration":1,"failureMessages":[]},{"ancestorTitles":["","mechanismClass","deriveMechanismClass","MARKET mechanism"],"fullName":" mechanismClass deriveMechanismClass MARKET mechanism detects market keywords","status":"passed","title":"detects market keywords","duration":2,"failureMessages":[]},{"ancestorTitles":["","mechanismClass","deriveMechanismClass","MARKET mechanism"],"fullName":" mechanismClass deriveMechanismClass MARKET mechanism detects promotion keywords","status":"passed","title":"detects promotion keywords","duration":2,"failureMessages":[]},{"ancestorTitles":["","mechanismClass","deriveMechanismClass","MARKET mechanism"],"fullName":" mechanismClass deriveMechanismClass MARKET mechanism detects sales keywords","status":"passed","title":"detects sales keywords","duration":1,"failureMessages":[]},{"ancestorTitles":["","mechanismClass","deriveMechanismClass","LEARN mechanism"],"fullName":" mechanismClass deriveMechanismClass LEARN mechanism detects learn keywords","status":"passed","title":"detects learn keywords","duration":2,"failureMessages":[]},{"ancestorTitles":["","mechanismClass","deriveMechanismClass","LEARN mechanism"],"fullName":" mechanismClass deriveMechanismClass LEARN mechanism detects study keywords","status":"passed","title":"detects study keywords","duration":2,"failureMessages":[]},{"ancestorTitles":["","mechanismClass","deriveMechanismClass","LEARN mechanism"],"fullName":" mechanismClass deriveMechanismClass LEARN mechanism detects certification keywords","status":"passed","title":"detects certification keywords","duration":2,"failureMessages":[]},{"ancestorTitles":["","mechanismClass","deriveMechanismClass","REVIEW mechanism"],"fullName":" mechanismClass deriveMechanismClass REVIEW mechanism detects review keywords","status":"passed","title":"detects review keywords","duration":3,"failureMessages":[]},{"ancestorTitles":["","mechanismClass","deriveMechanismClass","REVIEW mechanism"],"fullName":" mechanismClass deriveMechanismClass REVIEW mechanism detects refactor keywords","status":"passed","title":"detects refactor keywords","duration":1,"failureMessages":[]},{"ancestorTitles":["","mechanismClass","deriveMechanismClass","REVIEW mechanism"],"fullName":" mechanismClass deriveMechanismClass REVIEW mechanism detects optimization keywords","status":"passed","title":"detects optimization keywords","duration":2,"failureMessages":[]},{"ancestorTitles":["","mechanismClass","deriveMechanismClass","OPS mechanism"],"fullName":" mechanismClass deriveMechanismClass OPS mechanism detects ops keywords","status":"passed","title":"detects ops keywords","duration":1,"failureMessages":[]},{"ancestorTitles":["","mechanismClass","deriveMechanismClass","OPS mechanism"],"fullName":" mechanismClass deriveMechanismClass OPS mechanism detects infrastructure keywords","status":"passed","title":"detects infrastructure keywords","duration":2,"failureMessages":[]},{"ancestorTitles":["","mechanismClass","deriveMechanismClass","OPS mechanism"],"fullName":" mechanismClass deriveMechanismClass OPS mechanism detects workflow keywords","status":"passed","title":"detects workflow keywords","duration":1,"failureMessages":[]},{"ancestorTitles":["","mechanismClass","deriveMechanismClass","CREATE mechanism (default/fallback)"],"fullName":" mechanismClass deriveMechanismClass CREATE mechanism (default/fallback) detects create keywords","status":"passed","title":"detects create keywords","duration":2,"failureMessages":[]},{"ancestorTitles":["","mechanismClass","deriveMechanismClass","CREATE mechanism (default/fallback)"],"fullName":" mechanismClass deriveMechanismClass CREATE mechanism (default/fallback) detects design keywords","status":"passed","title":"detects design keywords","duration":2,"failureMessages":[]},{"ancestorTitles":["","mechanismClass","deriveMechanismClass","CREATE mechanism (default/fallback)"],"fullName":" mechanismClass deriveMechanismClass CREATE mechanism (default/fallback) detects code keywords","status":"passed","title":"detects code keywords","duration":6,"failureMessages":[]},{"ancestorTitles":["","mechanismClass","deriveMechanismClass","CREATE mechanism (default/fallback)"],"fullName":" mechanismClass deriveMechanismClass CREATE mechanism (default/fallback) defaults to CREATE when no pattern matches","status":"passed","title":"defaults to CREATE when no pattern matches","duration":2,"failureMessages":[]},{"ancestorTitles":["","mechanismClass","deriveMechanismClass","Priority: more specific patterns match first"],"fullName":" mechanismClass deriveMechanismClass Priority: more specific patterns match first PUBLISH takes priority over generic CREATE","status":"passed","title":"PUBLISH takes priority over generic CREATE","duration":1,"failureMessages":[]},{"ancestorTitles":["","mechanismClass","deriveMechanismClass","Priority: more specific patterns match first"],"fullName":" mechanismClass deriveMechanismClass Priority: more specific patterns match first MARKET takes priority over generic CREATE","status":"passed","title":"MARKET takes priority over generic CREATE","duration":1,"failureMessages":[]},{"ancestorTitles":["","mechanismClass","deriveMechanismClass","Priority: more specific patterns match first"],"fullName":" mechanismClass deriveMechanismClass Priority: more specific patterns match first LEARN takes priority over generic CREATE","status":"passed","title":"LEARN takes priority over generic CREATE","duration":1,"failureMessages":[]},{"ancestorTitles":["","mechanismClass","deriveMechanismClass","Text source fallback chain"],"fullName":" mechanismClass deriveMechanismClass Text source fallback chain uses terminalOutcome.text as primary","status":"passed","title":"uses terminalOutcome.text as primary","duration":1,"failureMessages":[]},{"ancestorTitles":["","mechanismClass","deriveMechanismClass","Text source fallback chain"],"fullName":" mechanismClass deriveMechanismClass Text source fallback chain uses goalText if terminalOutcome empty","status":"passed","title":"uses goalText if terminalOutcome empty","duration":1,"failureMessages":[]},{"ancestorTitles":["","mechanismClass","deriveMechanismClass","Text source fallback chain"],"fullName":" mechanismClass deriveMechanismClass Text source fallback chain uses aim.text as last resort","status":"passed","title":"uses aim.text as last resort","duration":1,"failureMessages":[]},{"ancestorTitles":["","mechanismClass","deriveMechanismClass","Text source fallback chain"],"fullName":" mechanismClass deriveMechanismClass Text source fallback chain skips undefined/null values","status":"passed","title":"skips undefined/null values","duration":1,"failureMessages":[]},{"ancestorTitles":["","mechanismClass","deriveMechanismClass","Determinism: same input = same output"],"fullName":" mechanismClass deriveMechanismClass Determinism: same input = same output {\"goalText\":\"Publish album to Spotify\"} → PUBLISH (deterministic)","status":"passed","title":"{\"goalText\":\"Publish album to Spotify\"} → PUBLISH (deterministic)","duration":4,"failureMessages":[]},{"ancestorTitles":["","mechanismClass","deriveMechanismClass","Determinism: same input = same output"],"fullName":" mechanismClass deriveMechanismClass Determinism: same input = same output {\"goalText\":\"Learn TypeScript\"} → LEARN (deterministic)","status":"passed","title":"{\"goalText\":\"Learn TypeScript\"} → LEARN (deterministic)","duration":2,"failureMessages":[]},{"ancestorTitles":["","mechanismClass","deriveMechanismClass","Determinism: same input = same output"],"fullName":" mechanismClass deriveMechanismClass Determinism: same input = same output {\"goalText\":\"Build web application\"} → CREATE (deterministic)","status":"passed","title":"{\"goalText\":\"Build web application\"} → CREATE (deterministic)","duration":2,"failureMessages":[]},{"ancestorTitles":["","mechanismClass","deriveMechanismClass","Determinism: same input = same output"],"fullName":" mechanismClass deriveMechanismClass Determinism: same input = same output {\"goalText\":\"Review code quality\"} → REVIEW (deterministic)","status":"passed","title":"{\"goalText\":\"Review code quality\"} → REVIEW (deterministic)","duration":1,"failureMessages":[]},{"ancestorTitles":["","mechanismClass","deriveMechanismClass","Determinism: same input = same output"],"fullName":" mechanismClass deriveMechanismClass Determinism: same input = same output {\"goalText\":\"Set up CI/CD pipeline infrastructure\"} → OPS (deterministic)","status":"passed","title":"{\"goalText\":\"Set up CI/CD pipeline infrastructure\"} → OPS (deterministic)","duration":2,"failureMessages":[]},{"ancestorTitles":["","mechanismClass","deriveMechanismClass","Determinism: same input = same output"],"fullName":" mechanismClass deriveMechanismClass Determinism: same input = same output {\"goalText\":\"Market and grow user base\"} → MARKET (deterministic)","status":"passed","title":"{\"goalText\":\"Market and grow user base\"} → MARKET (deterministic)","duration":1,"failureMessages":[]},{"ancestorTitles":["","mechanismClass","deriveMechanismClass","Type safety"],"fullName":" mechanismClass deriveMechanismClass Type safety returns valid MechanismClass type","status":"passed","title":"returns valid MechanismClass type","duration":7,"failureMessages":[]},{"ancestorTitles":["","mechanismClass","describeMechanismClass"],"fullName":" mechanismClass describeMechanismClass returns human-readable descriptions","status":"passed","title":"returns human-readable descriptions","duration":4,"failureMessages":[]}],"startTime":1776907081600,"endTime":1776907081698,"status":"passed","message":"","name":"/Users/jamesdotson/vscode/JERICHO/JERICHO/src/core/__tests__/mechanismClass.test.ts"},{"assertionResults":[{"ancestorTitles":["","PlanGenerationMechanismClass","isValidPlanGenerationMechanism"],"fullName":" PlanGenerationMechanismClass isValidPlanGenerationMechanism accepts GENERIC_DETERMINISTIC","status":"passed","title":"accepts GENERIC_DETERMINISTIC","duration":14,"failureMessages":[]},{"ancestorTitles":["","PlanGenerationMechanismClass","isValidPlanGenerationMechanism"],"fullName":" PlanGenerationMechanismClass isValidPlanGenerationMechanism accepts all defined mechanisms","status":"passed","title":"accepts all defined mechanisms","duration":8,"failureMessages":[]},{"ancestorTitles":["","PlanGenerationMechanismClass","isValidPlanGenerationMechanism"],"fullName":" PlanGenerationMechanismClass isValidPlanGenerationMechanism rejects invalid strings","status":"passed","title":"rejects invalid strings","duration":2,"failureMessages":[]},{"ancestorTitles":["","PlanGenerationMechanismClass","isPhase3SupportedMechanism"],"fullName":" PlanGenerationMechanismClass isPhase3SupportedMechanism accepts GENERIC_DETERMINISTIC as supported","status":"passed","title":"accepts GENERIC_DETERMINISTIC as supported","duration":2,"failureMessages":[]},{"ancestorTitles":["","PlanGenerationMechanismClass","isPhase3SupportedMechanism"],"fullName":" PlanGenerationMechanismClass isPhase3SupportedMechanism rejects all other mechanisms as unsupported in v1","status":"passed","title":"rejects all other mechanisms as unsupported in v1","duration":10,"failureMessages":[]},{"ancestorTitles":["","PlanGenerationMechanismClass","describePlanGenerationMechanism"],"fullName":" PlanGenerationMechanismClass describePlanGenerationMechanism provides description for GENERIC_DETERMINISTIC","status":"passed","title":"provides description for GENERIC_DETERMINISTIC","duration":4,"failureMessages":[]},{"ancestorTitles":["","PlanGenerationMechanismClass","describePlanGenerationMechanism"],"fullName":" PlanGenerationMechanismClass describePlanGenerationMechanism provides descriptions for all mechanisms","status":"passed","title":"provides descriptions for all mechanisms","duration":3,"failureMessages":[]},{"ancestorTitles":["","PlanGenerationMechanismClass","describePlanGenerationMechanism"],"fullName":" PlanGenerationMechanismClass describePlanGenerationMechanism indicates future mechanisms","status":"passed","title":"indicates future mechanisms","duration":3,"failureMessages":[]}],"startTime":1776907147248,"endTime":1776907147300,"status":"passed","message":"","name":"/Users/jamesdotson/vscode/JERICHO/JERICHO/src/core/__tests__/mechanismClassV3.test.ts"},{"assertionResults":[{"ancestorTitles":["","Midnight Rollover","rolloverAtMidnight function"],"fullName":" Midnight Rollover rolloverAtMidnight function should detect when rollover is needed","status":"passed","title":"should detect when rollover is needed","duration":12,"failureMessages":[]},{"ancestorTitles":["","Midnight Rollover","rolloverAtMidnight function"],"fullName":" Midnight Rollover rolloverAtMidnight function should be idempotent when already processed today","status":"passed","title":"should be idempotent when already processed today","duration":3,"failureMessages":[]},{"ancestorTitles":["","Midnight Rollover","rolloverAtMidnight function"],"fullName":" Midnight Rollover rolloverAtMidnight function should create MISSED and CREATE events for committed blocks","status":"passed","title":"should create MISSED and CREATE events for committed blocks","duration":37,"failureMessages":[]},{"ancestorTitles":["","Midnight Rollover","rolloverAtMidnight function"],"fullName":" Midnight Rollover rolloverAtMidnight function should not touch DONE blocks","status":"passed","title":"should not touch DONE blocks","duration":30,"failureMessages":[]},{"ancestorTitles":["","Midnight Rollover","getYesterdayCommittedBlocks"],"fullName":" Midnight Rollover getYesterdayCommittedBlocks should find committed blocks from yesterday","status":"passed","title":"should find committed blocks from yesterday","duration":8,"failureMessages":[]},{"ancestorTitles":["","Midnight Rollover","Integration with computeDerivedState"],"fullName":" Midnight Rollover Integration with computeDerivedState should apply rollover correctly in TICK_NOW action","status":"passed","title":"should apply rollover correctly in TICK_NOW action","duration":187,"failureMessages":[]},{"ancestorTitles":["","Midnight Rollover","Determinism"],"fullName":" Midnight Rollover Determinism should produce same result for identical inputs","status":"passed","title":"should produce same result for identical inputs","duration":338,"failureMessages":[]}],"startTime":1776907109564,"endTime":1776907110183,"status":"passed","message":"","name":"/Users/jamesdotson/vscode/JERICHO/JERICHO/src/core/__tests__/midnightRollover.test.ts"},{"assertionResults":[{"ancestorTitles":["","Rollover property checks"],"fullName":" Rollover property checks emits MISSED + CREATE per committed block and keeps next-day timestamps","status":"passed","title":"emits MISSED + CREATE per committed block and keeps next-day timestamps","duration":450,"failureMessages":[]}],"startTime":1776907142053,"endTime":1776907142503,"status":"passed","message":"","name":"/Users/jamesdotson/vscode/JERICHO/JERICHO/src/core/__tests__/rollover.properties.test.ts"},{"assertionResults":[{"ancestorTitles":["","'corporate role search' policy parity"],"fullName":" 'corporate role search' policy parity keeps fully admitted, draft, and blocked outcomes distinct","status":"passed","title":"keeps fully admitted, draft, and blocked outcomes distinct","duration":31,"failureMessages":[]},{"ancestorTitles":["","'corporate role search' policy parity"],"fullName":" 'corporate role search' policy parity keeps schedulable internal work provisional until employer evidence exists","status":"passed","title":"keeps schedulable internal work provisional until employer evidence exists","duration":3,"failureMessages":[]},{"ancestorTitles":["","'corporate role search' policy parity"],"fullName":" 'corporate role search' policy parity keeps required work distinct from recommended support work","status":"passed","title":"keeps required work distinct from recommended support work","duration":9,"failureMessages":[]},{"ancestorTitles":["","'corporate role search' policy parity"],"fullName":" 'corporate role search' policy parity refuses to invent employer traction or role-fit evidence","status":"passed","title":"refuses to invent employer traction or role-fit evidence","duration":3,"failureMessages":[]},{"ancestorTitles":["","'remote knowledg
[...]
fullName":" post-fix seam validation (Fix3 -> Fix2 -> Fix1) recovers from MISSING_GOAL_DRAFT then completes action/session/distribution handoff","status":"passed","title":"recovers from MISSING_GOAL_DRAFT then completes action/session/distribution handoff","duration":785,"failureMessages":[]},{"ancestorTitles":["","45-goal smoke invariants + known regression goals"],"fullName":" 45-goal smoke invariants + known regression goals passes invariants A-D across all 45 representative goals","status":"passed","title":"passes invariants A-D across all 45 representative goals","duration":42356,"failureMessages":[]},{"ancestorTitles":["","45-goal smoke invariants + known regression goals"],"fullName":" 45-goal smoke invariants + known regression goals passes known regression goals","status":"passed","title":"passes known regression goals","duration":3153,"failureMessages":[]}],"startTime":1776907070275,"endTime":1776907116570,"status":"passed","message":"","name":"/Users/jamesdotson/vscode/JERICHO/JERICHO/tests/state/singlePipeline.postFix.integration.test.ts"},{"assertionResults":[{"ancestorTitles":["","computeStability (month window)"],"fullName":" computeStability (month window) treats low completion as dominant and forces overall Weak","status":"passed","title":"treats low completion as dominant and forces overall Weak","duration":18,"failureMessages":[]},{"ancestorTitles":["","computeStability (month window)"],"fullName":" computeStability (month window) keeps all values finite/bounded when planned is zero","status":"passed","title":"keeps all values finite/bounded when planned is zero","duration":5,"failureMessages":[]},{"ancestorTitles":["","computeStability (month window)"],"fullName":" computeStability (month window) ignores padded days (inMonth=false) when computing completion and drift","status":"passed","title":"ignores padded days (inMonth=false) when computing completion and drift","duration":2,"failureMessages":[]},{"ancestorTitles":["","computeStability (month window)"],"fullName":" computeStability (month window) breaks streak when the latest day is below threshold","status":"passed","title":"breaks streak when the latest day is below threshold","duration":2,"failureMessages":[]},{"ancestorTitles":["","computeStability (month window)"],"fullName":" computeStability (month window) produces deterministic recommendations for low integrity","status":"passed","title":"produces deterministic recommendations for low integrity","duration":3,"failureMessages":[]},{"ancestorTitles":["","computeStability (month window)"],"fullName":" computeStability (month window) when no planned minutes exist, only protect-one recommendation is shown","status":"passed","title":"when no planned minutes exist, only protect-one recommendation is shown","duration":2,"failureMessages":[]},{"ancestorTitles":["","computeStability (month window)"],"fullName":" computeStability (month window) targets present but no scheduled plan keeps gating unchanged","status":"passed","title":"targets present but no scheduled plan keeps gating unchanged","duration":2,"failureMessages":[]}],"startTime":1776907122834,"endTime":1776907122868,"status":"passed","message":"","name":"/Users/jamesdotson/vscode/JERICHO/JERICHO/tests/state/stability.compute.test.js"},{"assertionResults":[{"ancestorTitles":["","stability end-to-end verification summary"],"fullName":" stability end-to-end verification summary builds deterministic 45-lane end-to-end summary with admission, context, compile, quality, and runtime integrity fields","status":"passed","title":"builds deterministic 45-lane end-to-end summary with admission, context, compile, quality, and runtime integrity fields","duration":227,"failureMessages":[]}],"startTime":1776907197941,"endTime":1776907198168,"status":"passed","message":"","name":"/Users/jamesdotson/vscode/JERICHO/JERICHO/tests/state/stabilityEndToEndVerification.summary.test.ts"},{"assertionResults":[{"ancestorTitles":["","stabilityRecoveryPayload summary"],"fullName":" stabilityRecoveryPayload summary builds a complete stability-safe recovery payload for drifted state","status":"passed","title":"builds a complete stability-safe recovery payload for drifted state","duration":22,"failureMessages":[]},{"ancestorTitles":["","stabilityRecoveryPayload summary"],"fullName":" stabilityRecoveryPayload summary returns no-recovery-needed payload when no drift is detected","status":"passed","title":"returns no-recovery-needed payload when no drift is detected","duration":3,"failureMessages":[]}],"startTime":1776907181834,"endTime":1776907181859,"status":"passed","message":"","name":"/Users/jamesdotson/vscode/JERICHO/JERICHO/tests/state/stabilityRecoveryPayload.summary.test.ts"},{"assertionResults":[{"ancestorTitles":["","structure scheduling semantics summary"],"fullName":" structure scheduling semantics summary returns normalized diagnostic payload for semantic auditing","status":"passed","title":"returns normalized diagnostic payload for semantic auditing","duration":25,"failureMessages":[]},{"ancestorTitles":["","structure scheduling semantics summary"],"fullName":" structure scheduling semantics summary surfaces horizon insufficiency distinctly from a normal draft schedule","status":"passed","title":"surfaces horizon insufficiency distinctly from a normal draft schedule","duration":11,"failureMessages":[]}],"startTime":1776907158977,"endTime":1776907159014,"status":"passed","message":"","name":"/Users/jamesdotson/vscode/JERICHO/JERICHO/tests/state/structureSchedulingSemantics.summary.test.js"},{"assertionResults":[{"ancestorTitles":["","suggestion filters"],"fullName":" suggestion filters drops suggestions before the start date","status":"passed","title":"drops suggestions before the start date","duration":28,"failureMessages":[]},{"ancestorTitles":["","suggestion filters"],"fullName":" suggestion filters keeps suggestions on or after the start day key","status":"passed","title":"keeps suggestions on or after the start day key","duration":4,"failureMessages":[]}],"startTime":1776907208132,"endTime":1776907208165,"status":"passed","message":"","name":"/Users/jamesdotson/vscode/JERICHO/JERICHO/tests/state/suggestionFilters.test.js"},{"assertionResults":[{"ancestorTitles":["","projectSuggestionHistory"],"fullName":" projectSuggestionHistory orders deterministically and enforces 14-day windowing (inclusive)","status":"passed","title":"orders deterministically and enforces 14-day windowing (inclusive)","duration":18,"failureMessages":[]},{"ancestorTitles":["","projectSuggestionHistory"],"fullName":" projectSuggestionHistory applies filters without mutating inputs","status":"passed","title":"applies filters without mutating inputs","duration":6,"failureMessages":[]}],"startTime":1776907157658,"endTime":1776907157682,"status":"passed","message":"","name":"/Users/jamesdotson/vscode/JERICHO/JERICHO/tests/state/suggestionHistory.projection.test.js"},{"assertionResults":[{"ancestorTitles":["","suggestions local anchoring"],"fullName":" suggestions local anchoring keeps suggestion dayKey aligned with startISO in local tz","status":"passed","title":"keeps suggestion dayKey aligned with startISO in local tz","duration":2247,"failureMessages":[]}],"startTime":1776907138678,"endTime":1776907140925,"status":"passed","message":"","name":"/Users/jamesdotson/vscode/JERICHO/JERICHO/tests/state/suggestions.localAnchoring.test.js"},{"assertionResults":[{"ancestorTitles":["","timezone consistency"],"fullName":" timezone consistency uses payload timeZone for day bucketing","status":"passed","title":"uses payload timeZone for day bucketing","duration":139,"failureMessages":[]}],"startTime":1776907194697,"endTime":1776907194836,"status":"passed","message":"","name":"/Users/jamesdotson/vscode/JERICHO/JERICHO/tests/state/timezone.consistency.test.js"},{"assertionResults":[{"ancestorTitles":["","todayAuthority session labels"],"fullName":" todayAuthority session labels labels repeated sessions distinctly while preserving single-session titles","status":"passed","title":"labels repeated sessions distinctly while preserving single-session titles","duration":36,"failureMessages":[]},{"ancestorTitles":["","todayAuthority session labels"],"fullName":" todayAuthority session labels does not add ordinal display labels when grouped sessions already have distinct titles","status":"passed","title":"does not add ordinal display labels when grouped sessions already have distinct titles","duration":10,"failureMessages":[]}],"startTime":1776907129744,"endTime":1776907129791,"status":"passed","message":"","name":"/Users/jamesdotson/vscode/JERICHO/JERICHO/tests/state/todayAuthority.sessionLabels.test.ts"},{"assertionResults":[{"ancestorTitles":["","computeTodayDomainInstrumentation"],"fullName":" computeTodayDomainInstrumentation computes target/scheduled/completed/gap per domain","status":"passed","title":"computes target/scheduled/completed/gap per domain","duration":18,"failureMessages":[]},{"ancestorTitles":["","computeTodayDomainInstrumentation"],"fullName":" computeTodayDomainInstrumentation ignores blocks outside the day and unknown practice","status":"passed","title":"ignores blocks outside the day and unknown practice","duration":5,"failureMessages":[]}],"startTime":1776907176032,"endTime":1776907176056,"status":"passed","message":"","name":"/Users/jamesdotson/vscode/JERICHO/JERICHO/tests/state/todayInstrumentation.test.js"},{"assertionResults":[{"ancestorTitles":["","accepted-state work windows canonical chain"],"fullName":" accepted-state work windows canonical chain UPDATE_WORK_WINDOWS persists canonical windows and generate reads canonical over stale state windows","status":"passed","title":"UPDATE_WORK_WINDOWS persists canonical windows and generate reads canonical over stale state windows","duration":562,"failureMessages":[]},{"ancestorTitles":["","accepted-state work windows canonical chain"],"fullName":" accepted-state work windows canonical chain GENERATE_PLAN leaves canonical proposed blocks in preview until apply","status":"passed","title":"GENERATE_PLAN leaves canonical proposed blocks in preview until apply","duration":616,"failureMessages":[]},{"ancestorTitles":["","accepted-state work windows canonical chain"],"fullName":" accepted-state work windows canonical chain falls back to deterministic no-proposal error when cycle goalId cannot bind proposals","status":"passed","title":"falls back to deterministic no-proposal error when cycle goalId cannot bind proposals","duration":186,"failureMessages":[]}],"startTime":1776907107495,"endTime":1776907108860,"status":"passed","message":"","name":"/Users/jamesdotson/vscode/JERICHO/JERICHO/tests/state/workWindows.acceptedChain.canonical.test.js"},{"assertionResults":[{"ancestorTitles":["","UPDATE_WORK_WINDOWS reducer"],"fullName":" UPDATE_WORK_WINDOWS reducer persists work windows onto target cycle goal contract","status":"passed","title":"persists work windows onto target cycle goal contract","duration":251,"failureMessages":[]}],"startTime":1776907178068,"endTime":1776907178319,"status":"passed","message":"","name":"/Users/jamesdotson/vscode/JERICHO/JERICHO/tests/state/workWindows.update.reducer.test.js"},{"assertionResults":[{"ancestorTitles":["","evaluatePlanQualityGate"],"fullName":" evaluatePlanQualityGate passes a complete, specific plan","status":"passed","title":"passes a complete, specific plan","duration":102,"failureMessages":[]},{"ancestorTitles":["","evaluatePlanQualityGate"],"fullName":" evaluatePlanQualityGate withholds when major episode coverage is missing","status":"passed","title":"withholds when major episode coverage is missing","duration":30,"failureMessages":[]},{"ancestorTitles":["","evaluatePlanQualityGate"],"fullName":" evaluatePlanQualityGate withholds deliverables that are structurally present but object-missing","status":"passed","title":"withholds deliverables that are structurally present but object-missing","duration":4,"failureMessages":[]},{"ancestorTitles":["","evaluatePlanQualityGate"],"fullName":" evaluatePlanQualityGate withholds generic blocks that lose the goal object","status":"passed","title":"withholds generic blocks that lose the goal object","duration":5,"failureMessages":[]},{"ancestorTitles":["","evaluatePlanQualityGate"],"fullName":" evaluatePlanQualityGate withholds deliverables that drift away from the goal object","status":"passed","title":"withholds deliverables that drift away from the goal object","duration":3,"failureMessages":[]},{"ancestorTitles":["","evaluatePlanQualityGate"],"fullName":" evaluatePlanQualityGate withholds semantically hollow deliverables with planning shape but no clear object","status":"passed","title":"withholds semantically hollow deliverables with planning shape but no clear object","duration":3,"failureMessages":[]},{"ancestorTitles":["","evaluatePlanQualityGate"],"fullName":" evaluatePlanQualityGate withholds blocks that omit the goal object even when lineage exists","status":"passed","title":"withholds blocks that omit the goal object even when lineage exists","duration":4,"failureMessages":[]},{"ancestorTitles":["","evaluatePlanQualityGate"],"fullName":" evaluatePlanQualityGate withholds when declared branches are explicitly required but have no block coverage","status":"passed","title":"withholds when declared branches are explicitly required but have no block coverage","duration":4,"failureMessages":[]},{"ancestorTitles":["","evaluatePlanQualityGate"],"fullName":" evaluatePlanQualityGate withholds when some deliverable branches are covered and others are silently dropped","status":"passed","title":"withholds when some deliverable branches are covered and others are silently dropped","duration":4,"failureMessages":[]},{"ancestorTitles":["","evaluatePlanQualityGate"],"fullName":" evaluatePlanQualityGate passes coverage checks when all declared deliverable branches have block coverage","status":"passed","title":"passes coverage checks when all declared deliverable branches have block coverage","duration":5,"failureMessages":[]},{"ancestorTitles":["","evaluatePlanQualityGate"],"fullName":" evaluatePlanQualityGate does not fire MISSING_DELIVERABLE_BRANCH when declared branch has block coverage via action linkage","status":"passed","title":"does not fire MISSING_DELIVERABLE_BRANCH when declared branch has block coverage via action linkage","duration":3,"failureMessages":[]},{"ancestorTitles":["","evaluatePlanQualityGate"],"fullName":" evaluatePlanQualityGate withholds visible lineage meaning loss when surfaced block labels become generic","status":"passed","title":"withholds visible lineage meaning loss when surfaced block labels become generic","duration":4,"failureMessages":[]},{"ancestorTitles":["","evaluatePlanQualityGate"],"fullName":" evaluatePlanQualityGate withholds long-horizon non-recurring plans that end in the opening months","status":"passed","title":"withholds long-horizon non-recurring plans that end in the opening months","duration":7,"failureMessages":[]},{"ancestorTitles":["","evaluatePlanQualityGate"],"fullName":" evaluatePlanQualityGate passes long-horizon non-recurring plans that reach the later horizon with enough occupied months","status":"passed","title":"passes long-horizon non-recurring plans that reach the later horizon with enough occupied months","duration":5,"failureMessages":[]},{"ancestorTitles":["","evaluatePlanQualityGate"],"fullName":" evaluatePlanQualityGate withholds commercial product launch plans that only schedule one sparse block per week across a long horizon","status":"passed","title":"withholds commercial product launch plans that only schedule one sparse block per week across a long horizon","duration":49,"failureMessages":[]},{"ancestorTitles":["","evaluatePlanQualityGate"],"fullName":" evaluatePlanQualityGate withholds commercial product launch plans whose surfaced blocks are repeated family shells","status":"passed","title":"withholds commercial product launch plans whose surfaced blocks are repeated family shells","duration":22,"failureMessages":[]},{"ancestorTitles":["","evaluatePlanQualityGate"],"fullName":" evaluatePlanQualityGate withholds commercial product launch plans that occupy only two weekdays across active build weeks","status":"passed","title":"withholds commercial product launch plans that occupy only two weekdays across active build weeks","duration":29,"failureMessages":[]},{"ancestorTitles":["","evaluatePlanQualityGate"],"fullName":" evaluatePlanQualityGate does not apply commercial sparse cadence codes to a non-commercial long-horizon plan with the same raw spacing","status":"passed","title":"does not apply commercial sparse cadence codes to a non-commercial long-horizon plan with the same raw spacing","duration":10,"failureMessages":[]},{"ancestorTitles":["","evaluatePlanQualityGate"],"fullName":" evaluatePlanQualityGate isolates commercial work-gap failures when average density is adequate but one inactive span is too large","status":"passed","title":"isolates commercial work-gap failures when average density is adequate but one inactive span is too large","duration":31,"failureMessages":[]},{"ancestorTitles":["","evaluatePlanQualityGate"],"fullName":" evaluatePlanQualityGate isolates commercial sparse-cadence failures when density is low but no single work gap is extreme","status":"passed","title":"isolates commercial sparse-cadence failures when density is low but no single work gap is extreme","duration":34,"failureMessages":[]},{"ancestorTitles":["","evaluatePlanQualityGate"],"fullName":" evaluatePlanQualityGate withholds long-horizon non-recurring plans that leave a large unexplained tail","status":"passed","title":"withholds long-horizon non-recurring plans that leave a large unexplained tail","duration":5,"failureMessages":[]},{"ancestorTitles":["","evaluatePlanQualityGate"],"fullName":" evaluatePlanQualityGate derives long-horizon temporal diagnostics from applied review block start timestamps","status":"passed","title":"derives long-horizon temporal diagnostics from applied review block start timestamps","duration":4,"failureMessages":[]},{"ancestorTitles":["","evaluatePlanQualityGate"],"fullName":" evaluatePlanQualityGate allows a large long-horizon tail when explicit early-completion justification is present","status":"passed","title":"allows a large long-horizon tail when explicit early-completion justification is present","duration":3,"failureMessages":[]},{"ancestorTitles":["","evaluatePlanQualityGate"],"fullName":" evaluatePlanQualityGate does not apply non-recurring temporal compression rules to recurring cadence goals","status":"passed","title":"does not apply non-recurring temporal compression rules to recurring cadence goals","duration":3,"failureMessages":[]},{"ancestorTitles":["","evaluatePlanQualityGate"],"fullName":" evaluatePlanQualityGate withholds a gum product launch plan when brand-launch work substitutes for commercial completion","status":"passed","title":"withholds a gum product launch plan when brand-launch work substitutes for commercial completion","duration":30,"failureMessages":[]},{"ancestorTitles":["","evaluatePlanQualityGate"],"fullName":" evaluatePlanQualityGate passes the gum semantic slice when product readiness, purchase path, first sales, and terminal review are covered","status":"passed","title":"passes the gum semantic slice when product readiness, purchase path, first sales, and terminal review are covered","duration":32,"failureMessages":[]},{"ancestorTitles":["","evaluatePlanQualityGate"],"fullName":" evaluatePlanQualityGate does not count support-only brand announcement work as terminal first-sales coverage","status":"passed","title":"does not count support-only brand announcement work as terminal first-sales coverage","duration":3,"failureMessages":[]}],"startTime":1776905265454,"endTime":1776905265896,"status":"passed","message":"","name":"/Users/jamesdotson/vscode/JERICHO/JERICHO/tests/domain/planQuality/evaluatePlanQualityGate.test.ts"}]}